# JRE version: Java(TM) SE Runtime Environment (21.0.4+8) (build 21.0.4+8-LTS-274)
# Java VM: Java HotSpot(TM) 64-Bit Server VM (21.0.4+8-LTS-274, mixed mode, sharing, tiered, compressed oops, compressed class ptrs, g1 gc, windows-amd64)
GC Precious Log:
 CardTable entry size: 512
 Card Set container configuration: InlinePtr #cards 4 size 8 Array Of Cards #cards 32 size 80 Howl #buckets 8 coarsen threshold 7372 Howl Bitmap #cards 1024 size 144 coarsen threshold 921 Card regions per heap region 1 cards per card region 8192
 CPUs: 8 total, 8 available
 Memory: 24321M
 Large Page Support: Disabled
 NUMA Support: Disabled
 Compressed Oops: Enabled (Zero based)
 Heap Region Size: 4M
 Heap Min Capacity: 8M
 Heap Initial Capacity: 384M
 Heap Max Capacity: 6084M
 Pre-touch: Disabled
 Parallel Workers: 8
 Concurrent Workers: 2
 Concurrent Refinement Workers: 8
 Periodic GC: Disabled
Heap:
 garbage-first heap   total 602112K, used 328068K [0x0000000683c00000, 0x0000000800000000)
  region size 4096K, 7 young (28672K), 7 survivors (28672K)
 Metaspace       used 77743K, committed 78720K, reserved 1179648K
  class space    used 8895K, committed 9408K, reserved 1048576K
GC Heap History (20 events):
Event: 24.970 GC heap after
{Heap after GC invocations=40 (full 0):
 garbage-first heap   total 266240K, used 127731K [0x0000000683c00000, 0x0000000800000000)
  region size 4096K, 3 young (12288K), 3 survivors (12288K)
 Metaspace       used 77278K, committed 78272K, reserved 1179648K
  class space    used 8855K, committed 9344K, reserved 1048576K
}
Event: 25.567 GC heap before
{Heap before GC invocations=40 (full 0):
 garbage-first heap   total 266240K, used 226035K [0x0000000683c00000, 0x0000000800000000)
  region size 4096K, 27 young (110592K), 3 survivors (12288K)
 Metaspace       used 77302K, committed 78272K, reserved 1179648K
  class space    used 8855K, committed 9344K, reserved 1048576K
}
Event: 25.581 GC heap after
{Heap after GC invocations=41 (full 0):
 garbage-first heap   total 266240K, used 143032K [0x0000000683c00000, 0x0000000800000000)
  region size 4096K, 4 young (16384K), 4 survivors (16384K)
 Metaspace       used 77302K, committed 78272K, reserved 1179648K
  class space    used 8855K, committed 9344K, reserved 1048576K
}
Event: 26.092 GC heap before
{Heap before GC invocations=41 (full 0):
 garbage-first heap   total 266240K, used 224952K [0x0000000683c00000, 0x0000000800000000)
  region size 4096K, 24 young (98304K), 4 survivors (16384K)
 Metaspace       used 77317K, committed 78272K, reserved 1179648K
  class space    used 8855K, committed 9344K, reserved 1048576K
}
Event: 26.108 GC heap after
{Heap after GC invocations=42 (full 0):
 garbage-first heap   total 266240K, used 159010K [0x0000000683c00000, 0x0000000800000000)
  region size 4096K, 3 young (12288K), 3 survivors (12288K)
 Metaspace       used 77317K, committed 78272K, reserved 1179648K
  class space    used 8855K, committed 9344K, reserved 1048576K
}
Event: 26.454 GC heap before
{Heap before GC invocations=42 (full 0):
 garbage-first heap   total 266240K, used 228642K [0x0000000683c00000, 0x0000000800000000)
  region size 4096K, 20 young (81920K), 3 survivors (12288K)
 Metaspace       used 77318K, committed 78272K, reserved 1179648K
  class space    used 8856K, committed 9344K, reserved 1048576K
}
Event: 26.467 GC heap after
{Heap after GC invocations=43 (full 0):
 garbage-first heap   total 266240K, used 173249K [0x0000000683c00000, 0x0000000800000000)
  region size 4096K, 3 young (12288K), 3 survivors (12288K)
 Metaspace       used 77318K, committed 78272K, reserved 1179648K
  class space    used 8856K, committed 9344K, reserved 1048576K
}
Event: 26.996 GC heap before
{Heap before GC invocations=44 (full 0):
 garbage-first heap   total 335872K, used 226497K [0x0000000683c00000, 0x0000000800000000)
  region size 4096K, 17 young (69632K), 3 survivors (12288K)
 Metaspace       used 77323K, committed 78336K, reserved 1179648K
  class space    used 8856K, committed 9344K, reserved 1048576K
}
Event: 27.008 GC heap after
{Heap after GC invocations=45 (full 0):
 garbage-first heap   total 335872K, used 186945K [0x0000000683c00000, 0x0000000800000000)
  region size 4096K, 3 young (12288K), 3 survivors (12288K)
 Metaspace       used 77323K, committed 78336K, reserved 1179648K
  class space    used 8856K, committed 9344K, reserved 1048576K
}
Event: 28.070 GC heap before
{Heap before GC invocations=45 (full 0):
 garbage-first heap   total 335872K, used 285249K [0x0000000683c00000, 0x0000000800000000)
  region size 4096K, 27 young (110592K), 3 survivors (12288K)
 Metaspace       used 77323K, committed 78336K, reserved 1179648K
  class space    used 8856K, committed 9344K, reserved 1048576K
}
Event: 28.088 GC heap after
{Heap after GC invocations=46 (full 0):
 garbage-first heap   total 425984K, used 206674K [0x0000000683c00000, 0x0000000800000000)
  region size 4096K, 4 young (16384K), 4 survivors (16384K)
 Metaspace       used 77323K, committed 78336K, reserved 1179648K
  class space    used 8856K, committed 9344K, reserved 1048576K
}
Event: 30.017 GC heap before
{Heap before GC invocations=46 (full 0):
 garbage-first heap   total 425984K, used 358226K [0x0000000683c00000, 0x0000000800000000)
  region size 4096K, 41 young (167936K), 4 survivors (16384K)
 Metaspace       used 77384K, committed 78336K, reserved 1179648K
  class space    used 8859K, committed 9344K, reserved 1048576K
}
Event: 30.040 GC heap after
{Heap after GC invocations=47 (full 0):
 garbage-first heap   total 425984K, used 239194K [0x0000000683c00000, 0x0000000800000000)
  region size 4096K, 6 young (24576K), 6 survivors (24576K)
 Metaspace       used 77384K, committed 78336K, reserved 1179648K
  class space    used 8859K, committed 9344K, reserved 1048576K
}
Event: 31.409 GC heap before
{Heap before GC invocations=47 (full 0):
 garbage-first heap   total 425984K, used 357978K [0x0000000683c00000, 0x0000000800000000)
  region size 4096K, 35 young (143360K), 6 survivors (24576K)
 Metaspace       used 77431K, committed 78400K, reserved 1179648K
  class space    used 8859K, committed 9344K, reserved 1048576K
}
Event: 31.431 GC heap after
{Heap after GC invocations=48 (full 0):
 garbage-first heap   total 425984K, used 267275K [0x0000000683c00000, 0x0000000800000000)
  region size 4096K, 5 young (20480K), 5 survivors (20480K)
 Metaspace       used 77431K, committed 78400K, reserved 1179648K
  class space    used 8859K, committed 9344K, reserved 1048576K
}
Event: 32.916 GC heap before
{Heap before GC invocations=48 (full 0):
 garbage-first heap   total 425984K, used 365579K [0x0000000683c00000, 0x0000000800000000)
  region size 4096K, 29 young (118784K), 5 survivors (20480K)
 Metaspace       used 77672K, committed 78720K, reserved 1179648K
  class space    used 8889K, committed 9408K, reserved 1048576K
}
Event: 32.933 GC heap after
{Heap after GC invocations=49 (full 0):
 garbage-first heap   total 425984K, used 288099K [0x0000000683c00000, 0x0000000800000000)
  region size 4096K, 4 young (16384K), 4 survivors (16384K)
 Metaspace       used 77672K, committed 78720K, reserved 1179648K
  class space    used 8889K, committed 9408K, reserved 1048576K
}
Event: 33.405 GC heap before
{Heap before GC invocations=50 (full 0):
 garbage-first heap   total 602112K, used 374115K [0x0000000683c00000, 0x0000000800000000)
  region size 4096K, 25 young (102400K), 4 survivors (16384K)
 Metaspace       used 77708K, committed 78720K, reserved 1179648K
  class space    used 8895K, committed 9408K, reserved 1048576K
}
Event: 33.422 GC heap after
{Heap after GC invocations=51 (full 0):
 garbage-first heap   total 602112K, used 302201K [0x0000000683c00000, 0x0000000800000000)
  region size 4096K, 4 young (16384K), 4 survivors (16384K)
 Metaspace       used 77708K, committed 78720K, reserved 1179648K
  class space    used 8895K, committed 9408K, reserved 1048576K
}
Event: 34.681 GC heap before
{Heap before GC invocations=51 (full 0):
 garbage-first heap   total 602112K, used 498809K [0x0000000683c00000, 0x0000000800000000)
  region size 4096K, 52 young (212992K), 4 survivors (16384K)
 Metaspace       used 77743K, committed 78720K, reserved 1179648K
  class space    used 8895K, committed 9408K, reserved 1048576K
}

